Using pre-set license
Built from '2022.3/release' branch; Version is '2022.3.18f1 (d29bea25151d) revision 13802474'; Using compiler version '192829333'; Build Type 'Release'
OS: 'Windows 11  (10.0.22621) 64bit Core' Language: 'en' Physical Memory: 16072 MB
BatchMode: 1, IsHumanControllingUs: 0, StartBugReporterOnCrash: 0, Is64bit: 1, IsPro: 1

COMMAND LINE ARGUMENTS:
C:\Program Files\Unity\Hub\Editor\2022.3.18f1\Editor\Unity.exe
-adb2
-batchMode
-noUpm
-name
AssetImportWorker1
-projectPath
C:/Users/lsoho/Git/PrismMapper/Examples/CreateMap
-logFile
Logs/AssetImportWorker1.log
-srvPort
56086
Successfully changed project path to: C:/Users/lsoho/Git/PrismMapper/Examples/CreateMap
C:/Users/lsoho/Git/PrismMapper/Examples/CreateMap
[UnityMemory] Configuration Parameters - Can be set up in boot.config
    "memorysetup-bucket-allocator-granularity=16"
    "memorysetup-bucket-allocator-bucket-count=8"
    "memorysetup-bucket-allocator-block-size=33554432"
    "memorysetup-bucket-allocator-block-count=8"
    "memorysetup-main-allocator-block-size=16777216"
    "memorysetup-thread-allocator-block-size=16777216"
    "memorysetup-gfx-main-allocator-block-size=16777216"
    "memorysetup-gfx-thread-allocator-block-size=16777216"
    "memorysetup-cache-allocator-block-size=4194304"
    "memorysetup-typetree-allocator-block-size=2097152"
    "memorysetup-profiler-bucket-allocator-granularity=16"
    "memorysetup-profiler-bucket-allocator-bucket-count=8"
    "memorysetup-profiler-bucket-allocator-block-size=33554432"
    "memorysetup-profiler-bucket-allocator-block-count=8"
    "memorysetup-profiler-allocator-block-size=16777216"
    "memorysetup-profiler-editor-allocator-block-size=1048576"
    "memorysetup-temp-allocator-size-main=16777216"
    "memorysetup-job-temp-allocator-block-size=2097152"
    "memorysetup-job-temp-allocator-block-size-background=1048576"
    "memorysetup-job-temp-allocator-reduction-small-platforms=262144"
    "memorysetup-allocator-temp-initial-block-size-main=262144"
    "memorysetup-allocator-temp-initial-block-size-worker=262144"
    "memorysetup-temp-allocator-size-background-worker=32768"
    "memorysetup-temp-allocator-size-job-worker=262144"
    "memorysetup-temp-allocator-size-preload-manager=33554432"
    "memorysetup-temp-allocator-size-nav-mesh-worker=65536"
    "memorysetup-temp-allocator-size-audio-worker=65536"
    "memorysetup-temp-allocator-size-cloud-worker=32768"
    "memorysetup-temp-allocator-size-gi-baking-worker=262144"
    "memorysetup-temp-allocator-size-gfx=262144"
Player connection [28452] Host "[IP] 192.168.112.1 [Port] 0 [Flags] 2 [Guid] 4125080224 [EditorId] 4125080224 [Version] 1048832 [Id] WindowsEditor(7,Songhao) [Debug] 1 [PackageName] WindowsEditor [ProjectName] Editor" joined multi-casting on [225.0.0.222:54997]...

Player connection [28452] Host "[IP] 192.168.112.1 [Port] 0 [Flags] 2 [Guid] 4125080224 [EditorId] 4125080224 [Version] 1048832 [Id] WindowsEditor(7,Songhao) [Debug] 1 [PackageName] WindowsEditor [ProjectName] Editor" joined alternative multi-casting on [225.0.0.222:34997]...

[Physics::Module] Initialized MultithreadedJobDispatcher with 31 workers.
Refreshing native plugins compatible for Editor in 4.89 ms, found 3 plugins.
Preloading 0 native plugins for Editor in 0.00 ms.
Initialize engine version: 2022.3.18f1 (d29bea25151d)
[Subsystems] Discovering subsystems at path C:/Program Files/Unity/Hub/Editor/2022.3.18f1/Editor/Data/Resources/UnitySubsystems
[Subsystems] Discovering subsystems at path C:/Users/lsoho/Git/PrismMapper/Examples/CreateMap/Assets
GfxDevice: creating device client; threaded=0; jobified=0
Direct3D:
    Version:  Direct3D 11.0 [level 11.1]
    Renderer: NVIDIA GeForce RTX 4080 Laptop GPU (ID=0x27e0)
    Vendor:   NVIDIA
    VRAM:     12011 MB
    Driver:   31.0.15.4633
Initialize mono
Mono path[0] = 'C:/Program Files/Unity/Hub/Editor/2022.3.18f1/Editor/Data/Managed'
Mono path[1] = 'C:/Program Files/Unity/Hub/Editor/2022.3.18f1/Editor/Data/MonoBleedingEdge/lib/mono/unityjit-win32'
Mono config path = 'C:/Program Files/Unity/Hub/Editor/2022.3.18f1/Editor/Data/MonoBleedingEdge/etc'
Using monoOptions --debugger-agent=transport=dt_socket,embedding=1,server=y,suspend=n,address=127.0.0.1:56928
Begin MonoManager ReloadAssembly
Registering precompiled unity dll's ...
Register platform support module: C:/Program Files/Unity/Hub/Editor/2022.3.18f1/Editor/Data/PlaybackEngines/WebGLSupport/UnityEditor.WebGL.Extensions.dll
Register platform support module: C:/Program Files/Unity/Hub/Editor/2022.3.18f1/Editor/Data/PlaybackEngines/WindowsStandaloneSupport/UnityEditor.WindowsStandalone.Extensions.dll
Registered in 0.004433 seconds.
- Loaded All Assemblies, in  0.513 seconds
Native extension for WindowsStandalone target not found
Native extension for WebGL target not found
Mono: successfully reloaded assembly
- Finished resetting the current domain, in  0.185 seconds
Domain Reload Profiling: 697ms
	BeginReloadAssembly (230ms)
		ExecutionOrderSort (0ms)
		DisableScriptedObjects (0ms)
		BackupInstance (0ms)
		ReleaseScriptingObjects (0ms)
		CreateAndSetChildDomain (0ms)
	RebuildCommonClasses (38ms)
	RebuildNativeTypeToScriptingClass (8ms)
	initialDomainReloadingComplete (47ms)
	LoadAllAssembliesAndSetupDomain (188ms)
		LoadAssemblies (230ms)
		RebuildTransferFunctionScriptingTraits (0ms)
		AnalyzeDomain (186ms)
			TypeCache.Refresh (185ms)
				TypeCache.ScanAssembly (163ms)
			ScanForSourceGeneratedMonoScriptInfo (1ms)
			ResolveRequiredComponents (0ms)
	FinalizeReload (185ms)
		ReleaseScriptCaches (0ms)
		RebuildScriptCaches (0ms)
		SetupLoadedEditorAssemblies (145ms)
			LogAssemblyErrors (0ms)
			InitializePlatformSupportModulesInManaged (6ms)
			SetLoadedEditorAssemblies (4ms)
			RefreshPlugins (0ms)
			BeforeProcessingInitializeOnLoad (1ms)
			ProcessInitializeOnLoadAttributes (96ms)
			ProcessInitializeOnLoadMethodAttributes (38ms)
			AfterProcessingInitializeOnLoad (0ms)
			EditorAssembliesLoaded (0ms)
		ExecutionOrderSort2 (0ms)
		AwakeInstancesAfterBackupRestoration (0ms)
========================================================================
Worker process is ready to serve import requests
Begin MonoManager ReloadAssembly
Symbol file LoadedFromMemory is not a mono symbol file
- Loaded All Assemblies, in  0.711 seconds
Refreshing native plugins compatible for Editor in 1.65 ms, found 3 plugins.
Native extension for WindowsStandalone target not found
Native extension for WebGL target not found
Package Manager log level set to [2]
[Package Manager] Server::EnsureServerProcessIsRunning -- launch failed, reason: Unity was launched with the -noUpm command-line argument
[Package Manager] UpmClient::Send -- Unable to send message (not connected to UPM process).
[Package Manager] Cannot connect to Unity Package Manager local server
Mono: successfully reloaded assembly
- Finished resetting the current domain, in  0.324 seconds
Domain Reload Profiling: 1034ms
	BeginReloadAssembly (123ms)
		ExecutionOrderSort (0ms)
		DisableScriptedObjects (4ms)
		BackupInstance (0ms)
		ReleaseScriptingObjects (0ms)
		CreateAndSetChildDomain (12ms)
	RebuildCommonClasses (21ms)
	RebuildNativeTypeToScriptingClass (7ms)
	initialDomainReloadingComplete (25ms)
	LoadAllAssembliesAndSetupDomain (532ms)
		LoadAssemblies (374ms)
		RebuildTransferFunctionScriptingTraits (0ms)
		AnalyzeDomain (232ms)
			TypeCache.Refresh (206ms)
				TypeCache.ScanAssembly (183ms)
			ScanForSourceGeneratedMonoScriptInfo (23ms)
			ResolveRequiredComponents (3ms)
	FinalizeReload (324ms)
		ReleaseScriptCaches (0ms)
		RebuildScriptCaches (0ms)
		SetupLoadedEditorAssemblies (237ms)
			LogAssemblyErrors (0ms)
			InitializePlatformSupportModulesInManaged (4ms)
			SetLoadedEditorAssemblies (2ms)
			RefreshPlugins (0ms)
			BeforeProcessingInitializeOnLoad (32ms)
			ProcessInitializeOnLoadAttributes (185ms)
			ProcessInitializeOnLoadMethodAttributes (11ms)
			AfterProcessingInitializeOnLoad (3ms)
			EditorAssembliesLoaded (0ms)
		ExecutionOrderSort2 (0ms)
		AwakeInstancesAfterBackupRestoration (5ms)
Launched and connected shader compiler UnityShaderCompiler.exe after 0.05 seconds
Refreshing native plugins compatible for Editor in 1.81 ms, found 3 plugins.
Preloading 0 native plugins for Editor in 0.00 ms.
Unloading 3183 Unused Serialized files (Serialized files now loaded: 0)
Unloading 34 unused Assets / (58.1 KB). Loaded Objects now: 3643.
Memory consumption went from 131.2 MB to 131.2 MB.
Total: 3.500000 ms (FindLiveObjects: 0.165500 ms CreateObjectMapping: 0.040400 ms MarkObjects: 3.216700 ms  DeleteObjects: 0.076800 ms)

AssetImportParameters requested are different than current active one (requested -> active):
  custom:container-demuxer-ogg: 62fdf1f143b41e24485cea50d1cbac27 -> 
  custom:video-codec-MediaFoundation-h265: 746d11721c4dcdbdad8f713fa42b33f4 -> 
  custom:video-decoder-ogg-theora: a1e56fd34408186e4bbccfd4996cb3dc -> 
  custom:framework-win-MediaFoundation: 216162199b28c13a410421893ffa2e32 -> 
  custom:CustomObjectIndexerAttribute: 6d391050e5a25f67b0a2c618074f2cd9 -> 
  custom:container-demuxer-webm: 4f35f7cbe854078d1ac9338744f61a02 -> 
  custom:container-muxer-webm: aa71ff27fc2769a1b78a27578f13a17b -> 
  custom:video-decoder-webm-vp8: 9c59270c3fd7afecdb556c50c9e8de78 -> 
  custom:SearchIndexIgnoredProperties: e643bd26f0fe6173181afceb89e7c659 -> 
  custom:AudioImporter_EditorPlatform: d09bf68614088b80899f8185d706f6e7 -> 
  custom:video-encoder-webm-vp8: eb34c28f22e8b96e1ab97ce403110664 -> 
  custom:audio-decoder-ogg-vorbis: bf7c407c2cedff20999df2af8eb42d56 -> 
  custom:audio-encoder-webm-vorbis: bf7c407c2cedff20999df2af8eb42d56 -> 
========================================================================
Received Import Request.
  Time since last request: 1269337.561729 seconds.
  path: Assets/MapDrawer/TriangleNet/Runtime/Scripts/Source/Meshing/GenericMesher.cs
  artifactKey: Guid(4eee59ced7d14cc458ac904d6f666856) Importer(815301076,1909f56bfc062723c751e8b465ee728b)
Start importing Assets/MapDrawer/TriangleNet/Runtime/Scripts/Source/Meshing/GenericMesher.cs using Guid(4eee59ced7d14cc458ac904d6f666856) Importer(815301076,1909f56bfc062723c751e8b465ee728b)  -> (artifact id: 'a5e175685ea30c031c4acac1ad2820e3') in 0.001931 seconds
Number of updated asset objects reloaded before import = 0
Number of asset objects unloaded after import = 0
========================================================================
Received Import Request.
  Time since last request: 0.003231 seconds.
  path: Assets/StreamingAssets/OK.geo.json
  artifactKey: Guid(c0bc699822dd6bf4cb8b9c082be76936) Importer(815301076,1909f56bfc062723c751e8b465ee728b)
Start importing Assets/StreamingAssets/OK.geo.json using Guid(c0bc699822dd6bf4cb8b9c082be76936) Importer(815301076,1909f56bfc062723c751e8b465ee728b)  -> (artifact id: 'e912babce0869413c3d2097471566dab') in 0.005227 seconds
Number of updated asset objects reloaded before import = 0
Number of asset objects unloaded after import = 1
========================================================================
Received Import Request.
  Time since last request: 0.002344 seconds.
  path: Assets/MapDrawer/TriangleNet/Runtime/Scripts/Source/IO/TriangleReader.cs
  artifactKey: Guid(8611f9dd61b2124488d9e7c60a44b84b) Importer(815301076,1909f56bfc062723c751e8b465ee728b)
Start importing Assets/MapDrawer/TriangleNet/Runtime/Scripts/Source/IO/TriangleReader.cs using Guid(8611f9dd61b2124488d9e7c60a44b84b) Importer(815301076,1909f56bfc062723c751e8b465ee728b)  -> (artifact id: 'e72a0ba8d46f48f2ae91c82fd5e62d86') in 0.000278 seconds
Number of updated asset objects reloaded before import = 0
Number of asset objects unloaded after import = 0
========================================================================
Received Import Request.
  Time since last request: 0.001950 seconds.
  path: Assets/MapDrawer/TriangleNet/Runtime/Scripts/Source/Topology/DCEL/Vertex.cs
  artifactKey: Guid(c9f08b20e9c1c4948a02fa47b6557908) Importer(815301076,1909f56bfc062723c751e8b465ee728b)
Start importing Assets/MapDrawer/TriangleNet/Runtime/Scripts/Source/Topology/DCEL/Vertex.cs using Guid(c9f08b20e9c1c4948a02fa47b6557908) Importer(815301076,1909f56bfc062723c751e8b465ee728b)  -> (artifact id: '9f68ae7e5349e82cfa72f9219b610704') in 0.000249 seconds
Number of updated asset objects reloaded before import = 0
Number of asset objects unloaded after import = 0
========================================================================
Received Import Request.
  Time since last request: 0.002598 seconds.
  path: Assets/MapDrawer/TriangleNet/Runtime/Scripts/Source/Meshing/Algorithm
  artifactKey: Guid(dac477b9818460249b018aff0d48d622) Importer(815301076,1909f56bfc062723c751e8b465ee728b)
Start importing Assets/MapDrawer/TriangleNet/Runtime/Scripts/Source/Meshing/Algorithm using Guid(dac477b9818460249b018aff0d48d622) Importer(815301076,1909f56bfc062723c751e8b465ee728b)  -> (artifact id: '1bbee2acb7944b7a9ebec4a15db2a048') in 0.000206 seconds
Number of updated asset objects reloaded before import = 0
Number of asset objects unloaded after import = 0
========================================================================
Received Import Request.
  Time since last request: 0.001707 seconds.
  path: Assets/MapDrawer/TriangleNet/Runtime/Scripts/Source/IO/TriangleWriter.cs
  artifactKey: Guid(9e29e9f9bf6de9548922d7f8eb233d85) Importer(815301076,1909f56bfc062723c751e8b465ee728b)
Start importing Assets/MapDrawer/TriangleNet/Runtime/Scripts/Source/IO/TriangleWriter.cs using Guid(9e29e9f9bf6de9548922d7f8eb233d85) Importer(815301076,1909f56bfc062723c751e8b465ee728b)  -> (artifact id: '6937334db9d68e0d645e7bde25f1198c') in 0.000220 seconds
Number of updated asset objects reloaded before import = 0
Number of asset objects unloaded after import = 0
========================================================================
Received Import Request.
  Time since last request: 0.001730 seconds.
  path: Assets/MapDrawer/TriangleNet/Runtime/Scripts/Source/Meshing/QualityOptions.cs
  artifactKey: Guid(82453d55a0fa55247a6f3d15ec871d05) Importer(815301076,1909f56bfc062723c751e8b465ee728b)
Start importing Assets/MapDrawer/TriangleNet/Runtime/Scripts/Source/Meshing/QualityOptions.cs using Guid(82453d55a0fa55247a6f3d15ec871d05) Importer(815301076,1909f56bfc062723c751e8b465ee728b)  -> (artifact id: '52c736c5d88e5d5a33affc217539160b') in 0.000204 seconds
Number of updated asset objects reloaded before import = 0
Number of asset objects unloaded after import = 0
========================================================================
Received Import Request.
  Time since last request: 0.001913 seconds.
  path: Assets/MapDrawer/TriangleNet/Runtime/Scripts/Source/Smoothing/ISmoother.cs
  artifactKey: Guid(1d8c5c2dd1fe5da4fb3c46118b0beb00) Importer(815301076,1909f56bfc062723c751e8b465ee728b)
Start importing Assets/MapDrawer/TriangleNet/Runtime/Scripts/Source/Smoothing/ISmoother.cs using Guid(1d8c5c2dd1fe5da4fb3c46118b0beb00) Importer(815301076,1909f56bfc062723c751e8b465ee728b)  -> (artifact id: '4ca1601d57c9b80effd8dbf43eefe127') in 0.000214 seconds
Number of updated asset objects reloaded before import = 0
Number of asset objects unloaded after import = 0
========================================================================
Received Import Request.
  Time since last request: 0.002022 seconds.
  path: Assets/MapDrawer/TriangleNet/Runtime/Scripts/Source/IO/InputTriangle.cs
  artifactKey: Guid(b9ca263b6038e7c4380e83be00019012) Importer(815301076,1909f56bfc062723c751e8b465ee728b)
Start importing Assets/MapDrawer/TriangleNet/Runtime/Scripts/Source/IO/InputTriangle.cs using Guid(b9ca263b6038e7c4380e83be00019012) Importer(815301076,1909f56bfc062723c751e8b465ee728b)  -> (artifact id: '4914ac3f8751794a97c40e34ded4a431') in 0.000196 seconds
Number of updated asset objects reloaded before import = 0
Number of asset objects unloaded after import = 0
========================================================================
Received Import Request.
  Time since last request: 0.001793 seconds.
  path: Assets/MapDrawer/TriangleNet/Runtime/Scripts/Source/Tools/Interpolation.cs
  artifactKey: Guid(81d0029686bfff4418b7f22aeb39e553) Importer(815301076,1909f56bfc062723c751e8b465ee728b)
Start importing Assets/MapDrawer/TriangleNet/Runtime/Scripts/Source/Tools/Interpolation.cs using Guid(81d0029686bfff4418b7f22aeb39e553) Importer(815301076,1909f56bfc062723c751e8b465ee728b)  -> (artifact id: '5d571f55006d24eed67a8a039f53e8b9') in 0.000203 seconds
Number of updated asset objects reloaded before import = 0
Number of asset objects unloaded after import = 0
========================================================================
Received Import Request.
  Time since last request: 0.001788 seconds.
  path: Assets/MapDrawer/TriangleNet/Runtime/Scripts/Source/Meshing/Data/BadSubseg.cs
  artifactKey: Guid(ff0cbe47d09ae1040861c63eb1ab07aa) Importer(815301076,1909f56bfc062723c751e8b465ee728b)
Start importing Assets/MapDrawer/TriangleNet/Runtime/Scripts/Source/Meshing/Data/BadSubseg.cs using Guid(ff0cbe47d09ae1040861c63eb1ab07aa) Importer(815301076,1909f56bfc062723c751e8b465ee728b)  -> (artifact id: 'e68f4c45dc0b0904c81c08b1d133a126') in 0.000190 seconds
Number of updated asset objects reloaded before import = 0
Number of asset objects unloaded after import = 0
